[DEBUG] 2025-02-24 20:02:07.176 [main] UserDao - The list of users [User{id=1, firstName='Joe', lastName='Smith', userName='joesmith', dateOfBirth=1990-01-01}, User{id=3, firstName='Kia', lastName='Yang', userName='ky001', dateOfBirth=1995-05-15}]
[DEBUG] 2025-02-24 20:02:07.183 [main] UserDao - Searching for user with lastName = s
[DEBUG] 2025-02-24 20:02:07.235 [main] UserDao - Searching for user with lastName = Yang
[DEBUG] 2025-02-24 20:17:37.746 [main] UserDao - The list of users [User{id=3, firstName='Kia', lastName='Yang', userName='ky001', dateOfBirth=1995-05-15}]
[DEBUG] 2025-02-24 20:17:37.764 [main] UserDao - Searching for user with lastName = s
[DEBUG] 2025-02-24 20:17:37.811 [main] UserDao - Searching for user with lastName = Yang
[DEBUG] 2025-02-24 20:18:38.039 [main] UserDao - The list of users [User{id=3, firstName='Kia', lastName='Yang', userName='ky001', dateOfBirth=1995-05-15}]
[DEBUG] 2025-02-24 20:18:38.047 [main] UserDao - Searching for user with lastName = s
[DEBUG] 2025-02-24 20:18:38.081 [main] UserDao - Searching for user with lastName = Yang
[DEBUG] 2025-02-24 20:21:29.002 [main] UserDao - The list of users [User{id=3, firstName='Kia', lastName='Yang', userName='ky001', dateOfBirth=1995-05-15}]
[DEBUG] 2025-02-24 20:21:29.012 [main] UserDao - Searching for user with lastName = s
[DEBUG] 2025-02-24 20:21:29.045 [main] UserDao - Searching for user with lastName = Yang
[DEBUG] 2025-02-24 20:26:24.262 [main] UserDao - The list of users [User{id=3, firstName='Kia', lastName='Yang', userName='ky001', dateOfBirth=1995-05-15}]
[DEBUG] 2025-02-24 20:26:24.279 [main] UserDao - Searching for user with lastName = s
[DEBUG] 2025-02-24 20:26:24.315 [main] UserDao - Searching for user with lastName = Yang
[DEBUG] 2025-02-24 20:26:57.233 [main] UserDao - The list of users [User{id=3, firstName='Kia', lastName='Yang', userName='ky001', dateOfBirth=1995-05-15}]
[DEBUG] 2025-02-24 20:27:18.622 [main] UserDao - Searching for user with lastName = y
[DEBUG] 2025-02-24 20:32:02.351 [main] UserDao - The list of users [User{id=3, firstName='Kia', lastName='Yang', userName='ky001', dateOfBirth=1995-05-15}, User{id=7, firstName='Joe', lastName='Smith', userName='joesmith', dateOfBirth=1990-01-01}]
[DEBUG] 2025-02-24 20:32:02.361 [main] UserDao - Searching for user with lastName = y
[DEBUG] 2025-02-24 20:32:02.409 [main] UserDao - Searching for user with lastName = Yang
[DEBUG] 2025-02-24 20:32:57.331 [main] UserDao - The list of users [User{id=3, firstName='Kia', lastName='Yang', userName='ky001', dateOfBirth=1995-05-15}, User{id=7, firstName='Joe', lastName='Smith', userName='joesmith', dateOfBirth=1990-01-01}]
[DEBUG] 2025-02-24 20:36:31.512 [main] UserDao - The list of users [User{id=3, firstName='Kia', lastName='Yang', userName='ky001', dateOfBirth=1995-05-15}, User{id=7, firstName='Joe', lastName='Smith', userName='joesmith', dateOfBirth=1990-01-01}]
[DEBUG] 2025-02-24 20:36:31.525 [main] UserDao - Searching for user with lastName = y
[DEBUG] 2025-02-24 20:36:31.556 [main] UserDao - Searching for user with lastName = Yang
[DEBUG] 2025-02-24 20:37:06.395 [main] UserDao - The list of users [User{id=3, firstName='Kia', lastName='Yang', userName='ky001', dateOfBirth=1995-05-15}, User{id=7, firstName='Joe', lastName='Smith', userName='joesmith', dateOfBirth=1990-01-01}, User{id=10, firstName='April', lastName='ludgate', userName='al001', dateOfBirth=1993-05-14}]
[DEBUG] 2025-02-24 20:37:06.405 [main] UserDao - Searching for user with lastName = y
[DEBUG] 2025-02-24 20:37:06.437 [main] UserDao - Searching for user with lastName = Yang
[DEBUG] 2025-02-24 20:40:20.044 [main] UserDao - The list of users [User{id=3, firstName='Kia', lastName='Yang', userName='ky001', dateOfBirth=1995-05-15}, User{id=7, firstName='Joe', lastName='Smith', userName='joesmith', dateOfBirth=1990-01-01}, User{id=10, firstName='April', lastName='ludgate', userName='al001', dateOfBirth=1993-05-14}]
[DEBUG] 2025-02-24 20:53:26.522 [main] UserDao - The list of users [User{id=3, firstName='Kia', lastName='Yang', userName='ky001', dateOfBirth=1995-05-15}]
[DEBUG] 2025-02-24 20:53:26.534 [main] UserDao - Searching for user with lastName = s
[DEBUG] 2025-02-24 20:53:26.568 [main] UserDao - Searching for user with lastName = Yang
[DEBUG] 2025-02-24 20:54:17.209 [main] UserDao - The list of users [User{id=3, firstName='Kia', lastName='Yang', userName='ky001', dateOfBirth=1995-05-15}]
[DEBUG] 2025-02-24 20:54:27.901 [main] UserDao - Searching for user with lastName = s
[DEBUG] 2025-02-24 20:54:40.528 [main] UserDao - Searching for user with lastName = y
[DEBUG] 2025-02-25 16:59:12.719 [main] UserDao - The list of users [User{id=6, firstName='Kia', lastName='Yang', userName='ky001', dateOfBirth=1995-05-15}]
[DEBUG] 2025-02-25 17:00:19.817 [main] UserDao - Searching for user with lastName = Smith
[DEBUG] 2025-02-25 17:00:35.903 [main] UserDao - Searching for user with lastName = Smith
[DEBUG] 2025-02-25 17:01:50.289 [main] UserDao - Searching for user with lastName = Smith
[DEBUG] 2025-02-25 17:03:10.623 [main] UserDao - Searching for user with lastName = Smith
[DEBUG] 2025-02-25 17:03:25.915 [main] UserDao - Searching for user with lastName = s
[DEBUG] 2025-02-25 17:04:04.213 [main] UserDao - Searching for user with lastName = Yang
[DEBUG] 2025-02-25 17:04:16.884 [main] UserDao - Searching for user with lastName = y
[DEBUG] 2025-02-25 17:21:20.658 [main] UserDao - Searching for user with lastName = Yang
[DEBUG] 2025-02-25 17:36:50.338 [main] UserDao - The list of users [User{id=3, firstName='Kia', lastName='Yang', userName='ky001', dateOfBirth=1995-05-15}]
[DEBUG] 2025-02-25 17:36:50.344 [main] UserDao - Searching for user with lastName = y
[DEBUG] 2025-02-25 17:36:50.388 [main] UserDao - Searching for user with lastName = Yang
[DEBUG] 2025-02-25 17:39:09.961 [main] UserDao - The list of users [User{id=3, firstName='Kia', lastName='Yang', userName='ky001', dateOfBirth=1995-05-15}]
[DEBUG] 2025-02-25 17:39:09.967 [main] UserDao - Searching for user with lastName = y
[DEBUG] 2025-02-25 17:39:10.003 [main] UserDao - Searching for user with lastName = Yang
[DEBUG] 2025-02-25 17:40:27.893 [main] UserDao - The list of users [User{id=3, firstName='Kia', lastName='Yang', userName='ky001', dateOfBirth=1995-05-15}]
[DEBUG] 2025-02-25 17:40:27.901 [main] UserDao - Searching for user with lastName = y
[DEBUG] 2025-02-25 17:40:27.949 [main] UserDao - Searching for user with lastName = Yang
[DEBUG] 2025-02-25 17:43:46.962 [main] UserDao - The list of users [User{id=3, firstName='Kia', lastName='Yang', userName='ky001', dateOfBirth=1995-05-15}]
[DEBUG] 2025-02-25 17:43:46.972 [main] UserDao - Searching for user with lastName = y
[DEBUG] 2025-02-25 17:43:47.019 [main] UserDao - Searching for user with lastName = Yang
[DEBUG] 2025-02-25 17:47:28.323 [main] UserDao - The list of users [User{id=3, firstName='Kia', lastName='Yang', userName='ky001', dateOfBirth=1995-05-15}]
[DEBUG] 2025-02-25 17:47:28.331 [main] UserDao - Searching for user with lastName = s
[DEBUG] 2025-02-25 17:47:28.382 [main] UserDao - Searching for user with lastName = Smith
[DEBUG] 2025-02-25 17:50:25.425 [main] UserDao - Searching for user with lastName = Smith
[DEBUG] 2025-02-25 17:51:54.982 [main] UserDao - The list of users []
[DEBUG] 2025-02-25 17:51:54.995 [main] UserDao - Searching for user with lastName = s
[DEBUG] 2025-02-25 17:51:55.043 [main] UserDao - Searching for user with lastName = Smith
[DEBUG] 2025-02-25 18:22:32.173 [main] UserDao - The list of users [User{id=6, firstName='Kia', lastName='Yang', userName='ky001', dateOfBirth=1995-05-15}]
[DEBUG] 2025-02-25 18:23:28.179 [main] UserDao - Searching for user with lastName = Yang
[DEBUG] 2025-02-25 18:23:42.225 [main] UserDao - Searching for user with lastName = y
[DEBUG] 2025-02-25 18:30:35.989 [main] UserDao - Searching for user with lastName = Yang
[DEBUG] 2025-02-25 18:35:53.580 [main] UserDao - The list of users [User{id=6, firstName='Kia', lastName='Yang', userName='ky001', dateOfBirth=1995-05-15}]
[DEBUG] 2025-02-25 18:35:53.589 [main] UserDao - Searching for user with lastName = y
[DEBUG] 2025-02-25 18:35:53.835 [main] UserDao - Searching for user with lastName = Yang
[DEBUG] 2025-02-25 18:36:11.842 [main] UserDao - The list of users [User{id=3, firstName='Kia', lastName='Yang', userName='ky001', dateOfBirth=1995-05-15}]
[DEBUG] 2025-02-25 18:36:11.846 [main] UserDao - Searching for user with lastName = y
[DEBUG] 2025-02-25 18:36:11.883 [main] UserDao - Searching for user with lastName = Yang
[DEBUG] 2025-02-25 18:42:45.356 [main] UserDao - The list of users [User{id=3, firstName='Kia', lastName='Yang', userName='ky001', dateOfBirth=1995-05-15}]
[DEBUG] 2025-02-25 18:42:45.360 [main] UserDao - Searching for user with lastName = y
[DEBUG] 2025-02-25 18:42:45.397 [main] UserDao - Searching for user with lastName = Yang
[DEBUG] 2025-02-25 18:48:10.397 [main] UserDao - The list of users [User{id=3, firstName='Kia', lastName='Yang', userName='ky001', dateOfBirth=1995-05-15}]
[DEBUG] 2025-02-25 18:48:10.404 [main] UserDao - Searching for user with lastName = y
[DEBUG] 2025-02-25 18:48:10.442 [main] UserDao - Searching for user with lastName = Yang
[DEBUG] 2025-02-25 18:51:21.324 [main] UserDao - The list of users [User{id=3, firstName='Kia', lastName='Yang', userName='ky001', dateOfBirth=1995-05-15}]
[DEBUG] 2025-02-25 18:51:21.330 [main] UserDao - Searching for user with lastName = y
[DEBUG] 2025-02-25 18:51:21.368 [main] UserDao - Searching for user with lastName = Yang
[DEBUG] 2025-02-25 18:56:54.795 [main] UserDao - The list of users [User{id=3, firstName='Kia', lastName='Yang', userName='ky001', dateOfBirth=1995-05-15}, User{id=6, firstName='John', lastName='Doe', userName='johndoe', dateOfBirth=1985-05-15}]
[DEBUG] 2025-02-25 18:57:34.266 [main] UserDao - Searching for user with lastName = Yang
[DEBUG] 2025-02-25 18:57:43.694 [main] UserDao - Searching for user with lastName = y
[DEBUG] 2025-02-25 19:19:41.646 [main] UserDao - The list of users [User{id=3, firstName='Kia', lastName='Yang', userName='ky001', dateOfBirth=1995-05-15}, User{id=6, firstName='John', lastName='Doe', userName='johndoe', dateOfBirth=1985-05-15}]
[DEBUG] 2025-02-25 19:19:41.652 [main] UserDao - Searching for user with lastName = y
[DEBUG] 2025-02-25 19:19:41.690 [main] UserDao - Searching for user with lastName = Yang
